<?xml version="1.0" encoding="UTF-8"?>
<!-- Generated by org.testng.reporters.JUnitXMLReporter -->
<testsuite ignored="0" hostname="MacBookPro.lan" failures="0" tests="10" name="Default test" time="96.186" errors="0" timestamp="2026-01-28T13:45:17 IST">
  <testcase classname="Tests.DelayedButtonTest" name="delayedButtonFlow" time="3.488"/>
  <testcase classname="Tests.DelayedButtonTest" name="delayedButtonFlow" time="3.447"/>
  <testcase classname="Tests.DelayedButtonTest" name="delayedButtonFlow" time="2.91"/>
  <testcase classname="Tests.DelayedButtonTest" name="delayedButtonFlow" time="3.499"/>
  <testcase classname="Tests.DelayedButtonTest" name="delayedButtonFlow" time="3.438"/>
  <testcase classname="Tests.DelayedButtonTest" name="delayedButtonFlow" time="3.435"/>
  <testcase classname="Tests.DelayedButtonTest" name="delayedButtonFlow" time="2.907"/>
  <testcase classname="Tests.DelayedButtonTest" name="delayedButtonFlow" time="2.39"/>
  <testcase classname="Tests.DelayedButtonTest" name="delayedButtonFlow" time="4.074"/>
  <testcase classname="Tests.DelayedButtonTest" name="delayedButtonFlow" time="2.356"/>
</testsuite> <!-- Default test -->
