<?xml version="1.0" encoding="UTF-8"?>
<testng-results ignored="0" total="10" passed="10" failed="0" skipped="0">
  <reporter-output>
  </reporter-output>
  <suite started-at="2026-01-28T13:43:41 IST" name="Default suite" finished-at="2026-01-28T13:45:17 IST" duration-ms="96186">
    <groups>
    </groups>
    <test started-at="2026-01-28T13:43:41 IST" name="Default test" finished-at="2026-01-28T13:45:17 IST" duration-ms="96186">
      <class name="Tests.DelayedButtonTest">
        <test-method is-config="true" signature="setup()[pri:0, instance:Tests.DelayedButtonTest@2e8c1c9b]" started-at="2026-01-28T13:43:41 IST" name="setup" finished-at="2026-01-28T13:43:49 IST" duration-ms="8619" status="PASS">
          <reporter-output>
          </reporter-output>
        </test-method> <!-- setup -->
        <test-method signature="delayedButtonFlow()[pri:0, instance:Tests.DelayedButtonTest@2e8c1c9b]" started-at="2026-01-28T13:43:49 IST" name="delayedButtonFlow" finished-at="2026-01-28T13:43:53 IST" duration-ms="3488" status="PASS">
          <reporter-output>
          </reporter-output>
        </test-method> <!-- delayedButtonFlow -->
        <test-method is-config="true" signature="tearDown()[pri:0, instance:Tests.DelayedButtonTest@2e8c1c9b]" started-at="2026-01-28T13:43:53 IST" name="tearDown" finished-at="2026-01-28T13:43:53 IST" duration-ms="115" status="PASS">
          <reporter-output>
          </reporter-output>
        </test-method> <!-- tearDown -->
        <test-method is-config="true" signature="setup()[pri:0, instance:Tests.DelayedButtonTest@2e8c1c9b]" started-at="2026-01-28T13:43:53 IST" name="setup" finished-at="2026-01-28T13:43:59 IST" duration-ms="6508" status="PASS">
          <reporter-output>
          </reporter-output>
        </test-method> <!-- setup -->
        <test-method signature="delayedButtonFlow()[pri:0, instance:Tests.DelayedButtonTest@2e8c1c9b]" started-at="2026-01-28T13:43:59 IST" name="delayedButtonFlow" finished-at="2026-01-28T13:44:03 IST" duration-ms="3447" status="PASS">
          <reporter-output>
          </reporter-output>
        </test-method> <!-- delayedButtonFlow -->
        <test-method is-config="true" signature="tearDown()[pri:0, instance:Tests.DelayedButtonTest@2e8c1c9b]" started-at="2026-01-28T13:44:03 IST" name="tearDown" finished-at="2026-01-28T13:44:03 IST" duration-ms="105" status="PASS">
          <reporter-output>
          </reporter-output>
        </test-method> <!-- tearDown -->
        <test-method is-config="true" signature="setup()[pri:0, instance:Tests.DelayedButtonTest@2e8c1c9b]" started-at="2026-01-28T13:44:03 IST" name="setup" finished-at="2026-01-28T13:44:07 IST" duration-ms="4469" status="PASS">
          <reporter-output>
          </reporter-output>
        </test-method> <!-- setup -->
        <test-method signature="delayedButtonFlow()[pri:0, instance:Tests.DelayedButtonTest@2e8c1c9b]" started-at="2026-01-28T13:44:07 IST" name="delayedButtonFlow" finished-at="2026-01-28T13:44:10 IST" duration-ms="2910" status="PASS">
          <reporter-output>
          </reporter-output>
        </test-method> <!-- delayedButtonFlow -->
        <test-method is-config="true" signature="tearDown()[pri:0, instance:Tests.DelayedButtonTest@2e8c1c9b]" started-at="2026-01-28T13:44:10 IST" name="tearDown" finished-at="2026-01-28T13:44:10 IST" duration-ms="105" status="PASS">
          <reporter-output>
          </reporter-output>
        </test-method> <!-- tearDown -->
        <test-method is-config="true" signature="setup()[pri:0, instance:Tests.DelayedButtonTest@2e8c1c9b]" started-at="2026-01-28T13:44:10 IST" name="setup" finished-at="2026-01-28T13:44:16 IST" duration-ms="5863" status="PASS">
          <reporter-output>
          </reporter-output>
        </test-method> <!-- setup -->
        <test-method signature="delayedButtonFlow()[pri:0, instance:Tests.DelayedButtonTest@2e8c1c9b]" started-at="2026-01-28T13:44:16 IST" name="delayedButtonFlow" finished-at="2026-01-28T13:44:20 IST" duration-ms="3499" status="PASS">
          <reporter-output>
          </reporter-output>
        </test-method> <!-- delayedButtonFlow -->
        <test-method is-config="true" signature="tearDown()[pri:0, instance:Tests.DelayedButtonTest@2e8c1c9b]" started-at="2026-01-28T13:44:20 IST" name="tearDown" finished-at="2026-01-28T13:44:20 IST" duration-ms="105" status="PASS">
          <reporter-output>
          </reporter-output>
        </test-method> <!-- tearDown -->
        <test-method is-config="true" signature="setup()[pri:0, instance:Tests.DelayedButtonTest@2e8c1c9b]" started-at="2026-01-28T13:44:20 IST" name="setup" finished-at="2026-01-28T13:44:25 IST" duration-ms="5396" status="PASS">
          <reporter-output>
          </reporter-output>
        </test-method> <!-- setup -->
        <test-method signature="delayedButtonFlow()[pri:0, instance:Tests.DelayedButtonTest@2e8c1c9b]" started-at="2026-01-28T13:44:25 IST" name="delayedButtonFlow" finished-at="2026-01-28T13:44:29 IST" duration-ms="3438" status="PASS">
          <reporter-output>
          </reporter-output>
        </test-method> <!-- delayedButtonFlow -->
        <test-method is-config="true" signature="tearDown()[pri:0, instance:Tests.DelayedButtonTest@2e8c1c9b]" started-at="2026-01-28T13:44:29 IST" name="tearDown" finished-at="2026-01-28T13:44:29 IST" duration-ms="106" status="PASS">
          <reporter-output>
          </reporter-output>
        </test-method> <!-- tearDown -->
        <test-method is-config="true" signature="setup()[pri:0, instance:Tests.DelayedButtonTest@2e8c1c9b]" started-at="2026-01-28T13:44:29 IST" name="setup" finished-at="2026-01-28T13:44:36 IST" duration-ms="6819" status="PASS">
          <reporter-output>
          </reporter-output>
        </test-method> <!-- setup -->
        <test-method signature="delayedButtonFlow()[pri:0, instance:Tests.DelayedButtonTest@2e8c1c9b]" started-at="2026-01-28T13:44:36 IST" name="delayedButtonFlow" finished-at="2026-01-28T13:44:39 IST" duration-ms="3435" status="PASS">
          <reporter-output>
          </reporter-output>
        </test-method> <!-- delayedButtonFlow -->
        <test-method is-config="true" signature="tearDown()[pri:0, instance:Tests.DelayedButtonTest@2e8c1c9b]" started-at="2026-01-28T13:44:39 IST" name="tearDown" finished-at="2026-01-28T13:44:39 IST" duration-ms="109" status="PASS">
          <reporter-output>
          </reporter-output>
        </test-method> <!-- tearDown -->
        <test-method is-config="true" signature="setup()[pri:0, instance:Tests.DelayedButtonTest@2e8c1c9b]" started-at="2026-01-28T13:44:39 IST" name="setup" finished-at="2026-01-28T13:44:47 IST" duration-ms="7826" status="PASS">
          <reporter-output>
          </reporter-output>
        </test-method> <!-- setup -->
        <test-method signature="delayedButtonFlow()[pri:0, instance:Tests.DelayedButtonTest@2e8c1c9b]" started-at="2026-01-28T13:44:47 IST" name="delayedButtonFlow" finished-at="2026-01-28T13:44:50 IST" duration-ms="2907" status="PASS">
          <reporter-output>
          </reporter-output>
        </test-method> <!-- delayedButtonFlow -->
        <test-method is-config="true" signature="tearDown()[pri:0, instance:Tests.DelayedButtonTest@2e8c1c9b]" started-at="2026-01-28T13:44:50 IST" name="tearDown" finished-at="2026-01-28T13:44:50 IST" duration-ms="117" status="PASS">
          <reporter-output>
          </reporter-output>
        </test-method> <!-- tearDown -->
        <test-method is-config="true" signature="setup()[pri:0, instance:Tests.DelayedButtonTest@2e8c1c9b]" started-at="2026-01-28T13:44:50 IST" name="setup" finished-at="2026-01-28T13:44:57 IST" duration-ms="6801" status="PASS">
          <reporter-output>
          </reporter-output>
        </test-method> <!-- setup -->
        <test-method signature="delayedButtonFlow()[pri:0, instance:Tests.DelayedButtonTest@2e8c1c9b]" started-at="2026-01-28T13:44:57 IST" name="delayedButtonFlow" finished-at="2026-01-28T13:44:59 IST" duration-ms="2390" status="PASS">
          <reporter-output>
          </reporter-output>
        </test-method> <!-- delayedButtonFlow -->
        <test-method is-config="true" signature="tearDown()[pri:0, instance:Tests.DelayedButtonTest@2e8c1c9b]" started-at="2026-01-28T13:44:59 IST" name="tearDown" finished-at="2026-01-28T13:44:59 IST" duration-ms="112" status="PASS">
          <reporter-output>
          </reporter-output>
        </test-method> <!-- tearDown -->
        <test-method is-config="true" signature="setup()[pri:0, instance:Tests.DelayedButtonTest@2e8c1c9b]" started-at="2026-01-28T13:44:59 IST" name="setup" finished-at="2026-01-28T13:45:05 IST" duration-ms="5278" status="PASS">
          <reporter-output>
          </reporter-output>
        </test-method> <!-- setup -->
        <test-method signature="delayedButtonFlow()[pri:0, instance:Tests.DelayedButtonTest@2e8c1c9b]" started-at="2026-01-28T13:45:05 IST" name="delayedButtonFlow" finished-at="2026-01-28T13:45:09 IST" duration-ms="4074" status="PASS">
          <reporter-output>
          </reporter-output>
        </test-method> <!-- delayedButtonFlow -->
        <test-method is-config="true" signature="tearDown()[pri:0, instance:Tests.DelayedButtonTest@2e8c1c9b]" started-at="2026-01-28T13:45:09 IST" name="tearDown" finished-at="2026-01-28T13:45:09 IST" duration-ms="105" status="PASS">
          <reporter-output>
          </reporter-output>
        </test-method> <!-- tearDown -->
        <test-method is-config="true" signature="setup()[pri:0, instance:Tests.DelayedButtonTest@2e8c1c9b]" started-at="2026-01-28T13:45:09 IST" name="setup" finished-at="2026-01-28T13:45:14 IST" duration-ms="5542" status="PASS">
          <reporter-output>
          </reporter-output>
        </test-method> <!-- setup -->
        <test-method signature="delayedButtonFlow()[pri:0, instance:Tests.DelayedButtonTest@2e8c1c9b]" started-at="2026-01-28T13:45:14 IST" name="delayedButtonFlow" finished-at="2026-01-28T13:45:17 IST" duration-ms="2356" status="PASS">
          <reporter-output>
          </reporter-output>
        </test-method> <!-- delayedButtonFlow -->
        <test-method is-config="true" signature="tearDown()[pri:0, instance:Tests.DelayedButtonTest@2e8c1c9b]" started-at="2026-01-28T13:45:17 IST" name="tearDown" finished-at="2026-01-28T13:45:17 IST" duration-ms="99" status="PASS">
          <reporter-output>
          </reporter-output>
        </test-method> <!-- tearDown -->
      </class> <!-- Tests.DelayedButtonTest -->
    </test> <!-- Default test -->
  </suite> <!-- Default suite -->
</testng-results>
