<?xml version="1.0" encoding="UTF-8"?>
<testng-results ignored="0" total="1" passed="1" failed="0" skipped="0">
  <reporter-output>
  </reporter-output>
  <suite started-at="2026-01-28T01:51:15 IST" name="Default suite" finished-at="2026-01-28T01:51:23 IST" duration-ms="7445">
    <groups>
    </groups>
    <test started-at="2026-01-28T01:51:15 IST" name="Default test" finished-at="2026-01-28T01:51:23 IST" duration-ms="7445">
      <class name="Tests.ModalFlowTest">
        <test-method is-config="true" signature="setup()[pri:0, instance:Tests.ModalFlowTest@15cafec7]" started-at="2026-01-28T01:51:15 IST" name="setup" finished-at="2026-01-28T01:51:22 IST" duration-ms="6885" status="PASS">
          <reporter-output>
          </reporter-output>
        </test-method> <!-- setup -->
        <test-method signature="modalConfirmationFlow()[pri:0, instance:Tests.ModalFlowTest@15cafec7]" started-at="2026-01-28T01:51:22 IST" name="modalConfirmationFlow" finished-at="2026-01-28T01:51:23 IST" duration-ms="434" status="PASS">
          <reporter-output>
          </reporter-output>
        </test-method> <!-- modalConfirmationFlow -->
        <test-method is-config="true" signature="tearDown()[pri:0, instance:Tests.ModalFlowTest@15cafec7]" started-at="2026-01-28T01:51:23 IST" name="tearDown" finished-at="2026-01-28T01:51:23 IST" duration-ms="109" status="PASS">
          <reporter-output>
          </reporter-output>
        </test-method> <!-- tearDown -->
      </class> <!-- Tests.ModalFlowTest -->
    </test> <!-- Default test -->
  </suite> <!-- Default suite -->
</testng-results>
