<?xml version="1.0" encoding="UTF-8"?>
<!-- Generated by org.testng.reporters.JUnitReportReporter -->
<testsuite hostname="MacBookPro.lan" failures="0" tests="10" name="Tests.DelayedButtonTest" time="96.143" errors="0" timestamp="2026-01-28T13:45:17 IST" skipped="0">
  <testcase classname="Tests.DelayedButtonTest" name="delayedButtonFlow" time="8.073"/>
  <testcase classname="Tests.DelayedButtonTest" name="delayedButtonFlow" time="9.403"/>
  <testcase classname="Tests.DelayedButtonTest" name="delayedButtonFlow" time="8.300"/>
  <testcase classname="Tests.DelayedButtonTest" name="delayedButtonFlow" time="8.558"/>
  <testcase classname="Tests.DelayedButtonTest" name="delayedButtonFlow" time="10.992"/>
  <testcase classname="Tests.DelayedButtonTest" name="delayedButtonFlow" time="11.087"/>
  <testcase classname="Tests.DelayedButtonTest" name="delayedButtonFlow" time="8.952"/>
  <testcase classname="Tests.DelayedButtonTest" name="delayedButtonFlow" time="11.369"/>
  <testcase classname="Tests.DelayedButtonTest" name="delayedButtonFlow" time="10.406"/>
  <testcase classname="Tests.DelayedButtonTest" name="delayedButtonFlow" time="9.003"/>
</testsuite> <!-- Tests.DelayedButtonTest -->
